<?xml version="1.0" encoding="UTF-8"?>
<!-- Generated by org.testng.reporters.JUnitReportReporter -->
<testsuite skipped="0" hostname="LAPTOP-AFROZ" name="com.First.First" tests="1" failures="0" timestamp="2022-12-06T07:21:37 IST" time="0.006" errors="0">
  <testcase name="test" time="0.006" classname="com.First.First"/>
  <system-out/>
</testsuite> <!-- com.First.First -->
